<?xml version="1.0" encoding="UTF-8"?>
<!-- Generated by org.testng.reporters.JUnitReportReporter -->
<testsuite hostname="DESKTOP-M2NN6CV" failures="0" tests="1" name="com.sway2automation.test.AlertTest" time="4.925" errors="0" timestamp="2021-10-08T12:23:45 IST" skipped="0">
  <testcase classname="com.sway2automation.test.AlertTest" name="checkAlert" time="4.925"/>
  <system-out/>
</testsuite> <!-- com.sway2automation.test.AlertTest -->
