<?xml version="1.0" encoding="UTF-8"?>
<!-- Generated by org.testng.reporters.JUnitReportReporter -->
<testsuite skipped="0" hostname="SARTHAK" name="com.facebook.test.FacebookTest" tests="1" failures="0" timestamp="2021-09-24T14:29:28 IST" time="25.815" errors="0">
  <testcase name="sinUp" time="25.815" classname="com.facebook.test.FacebookTest"/>
  <system-out/>
</testsuite> <!-- com.facebook.test.FacebookTest -->
