<?xml version="1.0" encoding="UTF-8"?>
<!-- Generated by org.testng.reporters.JUnitReportReporter -->
<testsuite hostname="DESKTOP-M2NN6CV" failures="0" tests="1" name="com.sway2automation.test.RegistrationTest" time="8.489" errors="0" timestamp="2021-10-07T21:11:09 IST" skipped="0">
  <testcase classname="com.sway2automation.test.RegistrationTest" name="RegTests" time="8.489"/>
  <system-out/>
</testsuite> <!-- com.sway2automation.test.RegistrationTest -->
