<?xml version="1.0" encoding="UTF-8"?>
<!-- Generated by org.testng.reporters.JUnitReportReporter -->
<testsuite hostname="DESKTOP-M2NN6CV" failures="0" tests="1" name="com.facebook.test.AddCart" time="11.690" errors="0" timestamp="2021-10-05T19:45:23 IST" skipped="0">
  <testcase classname="com.facebook.test.AddCart" name="ProductIntoCart" time="11.690"/>
  <system-out/>
</testsuite> <!-- com.facebook.test.AddCart -->
