<?xml version="1.0" encoding="UTF-8"?>
<!-- Generated by org.testng.reporters.JUnitReportReporter -->
<testsuite hostname="DESKTOP-M2NN6CV" failures="0" tests="1" name="com.sway2automation.test.DropdownTest" time="5.184" errors="0" timestamp="2021-10-08T12:23:45 IST" skipped="0">
  <testcase classname="com.sway2automation.test.DropdownTest" name="dropdown" time="5.184"/>
  <system-out/>
</testsuite> <!-- com.sway2automation.test.DropdownTest -->
