<?xml version="1.0" encoding="UTF-8"?>
<!-- Generated by org.testng.reporters.JUnitReportReporter -->
<testsuite hostname="DESKTOP-M2NN6CV" failures="0" tests="1" name="com.saucedemo.test.AddCart" time="8.340" errors="0" timestamp="2021-10-06T18:20:55 IST" skipped="0">
  <testcase classname="com.saucedemo.test.AddCart" name="ProductIntoCart" time="8.340"/>
  <system-out/>
</testsuite> <!-- com.saucedemo.test.AddCart -->
