<?xml version="1.0" encoding="UTF-8"?>
<!-- Generated by org.testng.reporters.JUnitReportReporter -->
<testsuite hostname="DESKTOP-M2NN6CV" failures="0" tests="1" name="com.saucedemo.test.SortingTest" time="8.676" errors="0" timestamp="2021-10-06T19:01:34 IST" skipped="0">
  <testcase classname="com.saucedemo.test.SortingTest" name="sorting" time="8.676"/>
  <system-out/>
</testsuite> <!-- com.saucedemo.test.SortingTest -->
