<?xml version="1.0" encoding="UTF-8"?>
<!-- Generated by org.testng.reporters.JUnitReportReporter -->
<testsuite hostname="DESKTOP-M2NN6CV" failures="0" tests="1" name="com.saucedemo.test.InteractionTest" time="5.480" errors="0" timestamp="2021-10-07T16:25:28 IST" skipped="0">
  <testcase classname="com.saucedemo.test.InteractionTest" name="InteractionsTests" time="5.480"/>
  <system-out/>
</testsuite> <!-- com.saucedemo.test.InteractionTest -->
