<?xml version="1.0" encoding="UTF-8"?>
<!-- Generated by org.testng.reporters.JUnitReportReporter -->
<testsuite hostname="DESKTOP-M2NN6CV" failures="0" tests="1" name="com.saucedemo.test.PriceSortingTest" time="8.070" errors="0" timestamp="2021-10-06T20:50:09 IST" skipped="0">
  <testcase classname="com.saucedemo.test.PriceSortingTest" name="priceSorting" time="8.070"/>
  <system-out/>
</testsuite> <!-- com.saucedemo.test.PriceSortingTest -->
