<?xml version="1.0" encoding="UTF-8"?>
<!-- Generated by org.testng.reporters.JUnitReportReporter -->
<testsuite hostname="DESKTOP-M2NN6CV" failures="0" tests="1" name="com.sway2automation.test.AlertTest" time="6.359" errors="0" timestamp="2021-10-07T21:34:05 IST" skipped="0">
  <testcase classname="com.sway2automation.test.AlertTest" name="checkAlert" time="6.359"/>
  <system-out/>
</testsuite> <!-- com.sway2automation.test.AlertTest -->
