<?xml version="1.0" encoding="UTF-8"?>
<!-- Generated by org.testng.reporters.JUnitReportReporter -->
<testsuite hostname="DESKTOP-M2NN6CV" failures="0" tests="1" name="com.sway2automation.test.DropdownTest" time="6.968" errors="0" timestamp="2021-10-07T21:51:48 IST" skipped="0">
  <testcase classname="com.sway2automation.test.DropdownTest" name="dropdown" time="6.968"/>
  <system-out/>
</testsuite> <!-- com.sway2automation.test.DropdownTest -->
